<?xml version="1.0" encoding="UTF-8"?>
<testng-results ignored="0" total="1" passed="1" failed="0" skipped="0">
  <reporter-output>
  </reporter-output>
  <suite started-at="2024-03-15T13:09:05 IST" name="Default suite" finished-at="2024-03-15T13:09:11 IST" duration-ms="6328">
    <groups>
    </groups>
    <test started-at="2024-03-15T13:09:05 IST" name="Default test" finished-at="2024-03-15T13:09:11 IST" duration-ms="6328">
      <class name="testclasses.FbLoginTest">
        <test-method is-config="true" signature="setup()[pri:0, instance:testclasses.FbLoginTest@66982506]" started-at="2024-03-15T13:09:05 IST" name="setup" finished-at="2024-03-15T13:09:10 IST" duration-ms="5142" status="PASS">
          <reporter-output>
          </reporter-output>
        </test-method> <!-- setup -->
        <test-method signature="hello()[pri:0, instance:testclasses.FbLoginTest@66982506]" started-at="2024-03-15T13:09:10 IST" name="hello" finished-at="2024-03-15T13:09:10 IST" duration-ms="6" status="PASS">
          <reporter-output>
          </reporter-output>
        </test-method> <!-- hello -->
        <test-method is-config="true" signature="tearDown()[pri:0, instance:testclasses.FbLoginTest@66982506]" started-at="2024-03-15T13:09:10 IST" name="tearDown" finished-at="2024-03-15T13:09:11 IST" duration-ms="1134" status="PASS">
          <reporter-output>
          </reporter-output>
        </test-method> <!-- tearDown -->
      </class> <!-- testclasses.FbLoginTest -->
    </test> <!-- Default test -->
  </suite> <!-- Default suite -->
</testng-results>
